<?xml version="1.0" encoding="UTF-8"?>
<!-- Generated by org.testng.reporters.JUnitReportReporter -->
<testsuite skipped="4" hostname="EGCA1-0091" name="test_cases.TestCase001_CheckHomePage" tests="5" failures="0" timestamp="2023-07-02T18:17:41 EET" time="84.947" errors="1">
  <testcase name="prepareClassProperties" time="84.945" classname="test_cases.TestCase001_CheckHomePage">
    <error type="org.openqa.selenium.remote.http.ConnectionFailedException" message="Unable to establish websocket connection to http://localhost:50660/devtools/browser/97f66788-851f-4ddd-b04b-b2a239c2433d
Build info: version: &#039;4.4.0&#039;, revision: &#039;e5c75ed026a&#039;
System info: host: &#039;EGCA1-0091&#039;, ip: &#039;192.168.1.122&#039;, os.name: &#039;Windows 10&#039;, os.arch: &#039;amd64&#039;, os.version: &#039;10.0&#039;, java.version: &#039;1.8.0_202&#039;
Driver info: driver.version: ChromeDriver">
      <![CDATA[org.openqa.selenium.remote.http.ConnectionFailedException: Unable to establish websocket connection to http://localhost:50660/devtools/browser/97f66788-851f-4ddd-b04b-b2a239c2433d
Build info: version: '4.4.0', revision: 'e5c75ed026a'
System info: host: 'EGCA1-0091', ip: '192.168.1.122', os.name: 'Windows 10', os.arch: 'amd64', os.version: '10.0', java.version: '1.8.0_202'
Driver info: driver.version: ChromeDriver
at org.openqa.selenium.remote.http.netty.NettyWebSocket.<init>(NettyWebSocket.java:102)
at org.openqa.selenium.remote.http.netty.NettyWebSocket.lambda$create$3(NettyWebSocket.java:128)
at org.openqa.selenium.remote.http.netty.NettyClient.openSocket(NettyClient.java:106)
at org.openqa.selenium.devtools.Connection.<init>(Connection.java:77)
at org.openqa.selenium.chromium.ChromiumDriver.lambda$new$2(ChromiumDriver.java:116)
at java.util.Optional.map(Optional.java:215)
at org.openqa.selenium.chromium.ChromiumDriver.<init>(ChromiumDriver.java:114)
at org.openqa.selenium.chrome.ChromeDriver.<init>(ChromeDriver.java:81)
at org.openqa.selenium.chrome.ChromeDriver.<init>(ChromeDriver.java:70)
at test_cases.TestBase.prepareClassProperties(TestBase.java:66)
at sun.reflect.NativeMethodAccessorImpl.invoke0(Native Method)
at sun.reflect.NativeMethodAccessorImpl.invoke(NativeMethodAccessorImpl.java:62)
at sun.reflect.DelegatingMethodAccessorImpl.invoke(DelegatingMethodAccessorImpl.java:43)
at java.lang.reflect.Method.invoke(Method.java:498)
at org.testng.internal.invokers.MethodInvocationHelper.invokeMethod(MethodInvocationHelper.java:135)
at org.testng.internal.invokers.MethodInvocationHelper.invokeMethodConsideringTimeout(MethodInvocationHelper.java:65)
at org.testng.internal.invokers.ConfigInvoker.invokeConfigurationMethod(ConfigInvoker.java:381)
at org.testng.internal.invokers.ConfigInvoker.invokeConfigurations(ConfigInvoker.java:319)
at org.testng.TestRunner.invokeTestConfigurations(TestRunner.java:645)
at org.testng.TestRunner.beforeRun(TestRunner.java:634)
at org.testng.TestRunner.run(TestRunner.java:596)
at org.testng.SuiteRunner.runTest(SuiteRunner.java:429)
at org.testng.SuiteRunner.access$000(SuiteRunner.java:32)
at org.testng.SuiteRunner$SuiteWorker.run(SuiteRunner.java:467)
at org.testng.internal.thread.ThreadUtil.lambda$execute$0(ThreadUtil.java:58)
at java.util.concurrent.FutureTask.run(FutureTask.java:266)
at java.util.concurrent.ThreadPoolExecutor.runWorker(ThreadPoolExecutor.java:1149)
at java.util.concurrent.ThreadPoolExecutor$Worker.run(ThreadPoolExecutor.java:624)
at java.lang.Thread.run(Thread.java:748)
]]>
    </error>
  </testcase> <!-- prepareClassProperties -->
  <system-out/>
  <testcase name="startApplication" time="0.000" classname="test_cases.TestCase001_CheckHomePage">
    <skipped/>
  </testcase> <!-- startApplication -->
  <system-out/>
  <testcase name="ChooseSearchPage" time="0.001" classname="test_cases.TestCase001_CheckHomePage">
    <skipped/>
  </testcase> <!-- ChooseSearchPage -->
  <system-out/>
  <testcase name="searchForDoctor" time="0.000" classname="test_cases.TestCase001_CheckHomePage">
    <skipped/>
  </testcase> <!-- searchForDoctor -->
  <system-out/>
  <testcase name="reserveAppointment" time="0.001" classname="test_cases.TestCase001_CheckHomePage">
    <skipped/>
  </testcase> <!-- reserveAppointment -->
  <system-out/>
</testsuite> <!-- test_cases.TestCase001_CheckHomePage -->
